Determining if the pthread_create exist failed with the following output:
Change Dir: /home/kpach/catkin_ws/src/youbot_inv_kine/cmake-build-debug/CMakeFiles/CMakeTmp

Run Build Command:"/usr/bin/make" "cmTC_7df31/fast"
/usr/bin/make -f CMakeFiles/cmTC_7df31.dir/build.make CMakeFiles/cmTC_7df31.dir/build
make[1]: Entering directory '/home/kpach/catkin_ws/src/youbot_inv_kine/cmake-build-debug/CMakeFiles/CMakeTmp'
Building C object CMakeFiles/cmTC_7df31.dir/CheckSymbolExists.c.o
/usr/bin/cc    -o CMakeFiles/cmTC_7df31.dir/CheckSymbolExists.c.o   -c /home/kpach/catkin_ws/src/youbot_inv_kine/cmake-build-debug/CMakeFiles/CMakeTmp/CheckSymbolExists.c
Linking C executable cmTC_7df31
/opt/clion-2017.2.3/bin/cmake/bin/cmake -E cmake_link_script CMakeFiles/cmTC_7df31.dir/link.txt --verbose=1
/usr/bin/cc      -rdynamic CMakeFiles/cmTC_7df31.dir/CheckSymbolExists.c.o  -o cmTC_7df31 
CMakeFiles/cmTC_7df31.dir/CheckSymbolExists.c.o: In function `main':
CheckSymbolExists.c:(.text+0x16): undefined reference to `pthread_create'
collect2: error: ld returned 1 exit status
CMakeFiles/cmTC_7df31.dir/build.make:97: recipe for target 'cmTC_7df31' failed
make[1]: *** [cmTC_7df31] Error 1
make[1]: Leaving directory '/home/kpach/catkin_ws/src/youbot_inv_kine/cmake-build-debug/CMakeFiles/CMakeTmp'
Makefile:126: recipe for target 'cmTC_7df31/fast' failed
make: *** [cmTC_7df31/fast] Error 2

File /home/kpach/catkin_ws/src/youbot_inv_kine/cmake-build-debug/CMakeFiles/CMakeTmp/CheckSymbolExists.c:
/* */
#include <pthread.h>

int main(int argc, char** argv)
{
  (void)argv;
#ifndef pthread_create
  return ((int*)(&pthread_create))[argc];
#else
  (void)argc;
  return 0;
#endif
}

Determining if the function pthread_create exists in the pthreads failed with the following output:
Change Dir: /home/kpach/catkin_ws/src/youbot_inv_kine/cmake-build-debug/CMakeFiles/CMakeTmp

Run Build Command:"/usr/bin/make" "cmTC_83adb/fast"
/usr/bin/make -f CMakeFiles/cmTC_83adb.dir/build.make CMakeFiles/cmTC_83adb.dir/build
make[1]: Entering directory '/home/kpach/catkin_ws/src/youbot_inv_kine/cmake-build-debug/CMakeFiles/CMakeTmp'
Building C object CMakeFiles/cmTC_83adb.dir/CheckFunctionExists.c.o
/usr/bin/cc   -DCHECK_FUNCTION_EXISTS=pthread_create   -o CMakeFiles/cmTC_83adb.dir/CheckFunctionExists.c.o   -c /opt/clion-2017.2.3/bin/cmake/share/cmake-3.8/Modules/CheckFunctionExists.c
Linking C executable cmTC_83adb
/opt/clion-2017.2.3/bin/cmake/bin/cmake -E cmake_link_script CMakeFiles/cmTC_83adb.dir/link.txt --verbose=1
/usr/bin/cc  -DCHECK_FUNCTION_EXISTS=pthread_create    -rdynamic CMakeFiles/cmTC_83adb.dir/CheckFunctionExists.c.o  -o cmTC_83adb -lpthreads 
/usr/bin/ld: cannot find -lpthreads
collect2: error: ld returned 1 exit status
CMakeFiles/cmTC_83adb.dir/build.make:97: recipe for target 'cmTC_83adb' failed
make[1]: *** [cmTC_83adb] Error 1
make[1]: Leaving directory '/home/kpach/catkin_ws/src/youbot_inv_kine/cmake-build-debug/CMakeFiles/CMakeTmp'
Makefile:126: recipe for target 'cmTC_83adb/fast' failed
make: *** [cmTC_83adb/fast] Error 2


